{ level: 'info',
  message: 'Controller init success',
  timestamp: '2019-03-10T19:17:19.361Z' }
{ level: 'info',
  message: 'Controller init success',
  timestamp: '2019-03-10T19:17:46.809Z' }
{ level: 'info',
  message: 'Controller init success',
  timestamp: '2019-03-10T19:19:15.165Z' }
{ level: 'info',
  message: 'Controller init success',
  timestamp: '2019-03-10T19:19:53.687Z' }
{ level: 'info',
  message: 'Controller init success',
  timestamp: '2019-03-10T19:20:08.385Z' }
{ level: 'info',
  message: 'Controller init success',
  timestamp: '2019-03-10T19:20:47.464Z' }
{ level: 'info',
  message: 'Controller init success',
  timestamp: '2019-03-10T19:28:05.879Z' }
{ level: 'info',
  message: 'Controller init success',
  timestamp: '2019-03-10T19:28:20.442Z' }
{ level: 'info',
  message: 'Controller init success',
  timestamp: '2019-03-10T19:28:40.979Z' }
{ level: 'info',
  message: 'Controller init success',
  timestamp: '2019-03-10T19:28:48.655Z' }
{ level: 'info',
  message: 'Controller init success',
  timestamp: '2019-03-10T21:27:45.606Z' }
{ level: 'info',
  message: 'Controller init success',
  timestamp: '2019-03-10T21:28:28.794Z' }
{ level: 'info',
  message: 'Controller init success',
  timestamp: '2019-03-10T21:29:07.153Z' }
{ level: 'info',
  message: '[v1] routes init!',
  timestamp: '2019-03-10T21:30:14.600Z' }
{ level: 'info',
  message: 'Controller init success',
  timestamp: '2019-03-10T21:30:14.607Z' }
{ level: 'info',
  message: '[v1] routes init success',
  timestamp: '2019-03-10T21:31:54.337Z' }
{ level: 'info',
  message: 'Controller init success',
  timestamp: '2019-03-10T21:31:54.346Z' }
{ level: 'info',
  message: '[v1] routes init success',
  timestamp: '2019-03-10T21:32:03.303Z' }
{ level: 'info',
  message: '[controller] init success',
  timestamp: '2019-03-10T21:32:03.313Z' }
{ level: 'info',
  message: '[v1] init success',
  timestamp: '2019-03-10T21:32:20.398Z' }
{ level: 'info',
  message: '[controller] init success',
  timestamp: '2019-03-10T21:32:20.406Z' }
{ level: 'info',
  message: '[v1] init success',
  timestamp: '2019-03-10T21:38:18.712Z' }
{ level: 'info',
  message: '[controller] init success',
  timestamp: '2019-03-10T21:38:18.718Z' }
{ level: 'info',
  message: '[v1] init success',
  timestamp: '2019-03-10T21:41:29.656Z' }
{ level: 'info',
  message: '[controller] init success',
  timestamp: '2019-03-10T21:41:29.663Z' }
{ level: 'info',
  message: '[v1] init success',
  timestamp: '2019-03-10T21:41:54.997Z' }
{ level: 'info',
  message: '[controller] init success',
  timestamp: '2019-03-10T21:41:55.014Z' }
{ level: 'info',
  message: '[v1] init success',
  timestamp: '2019-03-10T21:43:11.276Z' }
{ level: 'info',
  message: '[controller] init success',
  timestamp: '2019-03-10T21:43:11.286Z' }
{ level: 'info',
  message: '[v1] init success',
  timestamp: '2019-03-10T21:44:06.247Z' }
{ level: 'info',
  message: '[controller] init success',
  timestamp: '2019-03-10T21:44:06.256Z' }
{ level: 'info',
  message: '[v1] init success',
  timestamp: '2019-03-10T21:45:43.892Z' }
{ level: 'info',
  message: '[controller] init success',
  timestamp: '2019-03-10T21:45:43.900Z' }
{ level: 'info',
  message: '[v1] init success',
  timestamp: '2019-03-10T21:46:10.485Z' }
{ level: 'info',
  message: '[controller] init success',
  timestamp: '2019-03-10T21:46:10.493Z' }
{ level: 'info',
  message: '[v1] init success',
  timestamp: '2019-03-10T21:47:31.004Z' }
{ level: 'info',
  message: '[controller] init success',
  timestamp: '2019-03-10T21:47:31.016Z' }
{ level: 'info',
  message: '[v1] init success',
  timestamp: '2019-03-10T21:47:55.138Z' }
{ level: 'info',
  message: '[controller] init success',
  timestamp: '2019-03-10T21:47:55.146Z' }
{ level: 'info',
  message: '[v1] init success',
  timestamp: '2019-03-10T21:48:59.369Z' }
{ level: 'info',
  message: '[controller] init success',
  timestamp: '2019-03-10T21:48:59.378Z' }
{ level: 'info',
  message: '[v1] init success',
  timestamp: '2019-03-10T21:55:43.343Z' }
{ level: 'info',
  message: '[controller] init success',
  timestamp: '2019-03-10T21:55:43.352Z' }
{ level: 'info',
  message: '[v1] init success',
  timestamp: '2019-03-10T21:57:27.475Z' }
{ level: 'info',
  message: '[controller] init success',
  timestamp: '2019-03-10T21:57:27.484Z' }
{ level: 'info',
  message: '[v1] init success',
  timestamp: '2019-03-10T22:03:27.224Z' }
{ level: 'info',
  message: '[controller] init success',
  timestamp: '2019-03-10T22:03:27.232Z' }
{ level: 'info',
  message: '[v1] init success',
  timestamp: '2019-03-10T22:04:12.945Z' }
{ level: 'info',
  message: '[controller] init success',
  timestamp: '2019-03-10T22:04:12.954Z' }
{ level: 'info',
  message: '[v1] init success',
  timestamp: '2019-03-10T22:04:33.548Z' }
{ level: 'info',
  message: '[controller] init success',
  timestamp: '2019-03-10T22:04:33.556Z' }
{ level: 'info',
  message: '[v1] init success',
  timestamp: '2019-03-10T22:06:13.281Z' }
{ level: 'info',
  message: '[controller] init success',
  timestamp: '2019-03-10T22:06:13.291Z' }
